--- adb starting (pid 21816) ---
adb I 21816 21816 main.cpp:78] Android Debug Bridge version 1.0.36
adb I 21816 21816 main.cpp:78] Revision af05c7354fe1-android
adb I 21816 21816 main.cpp:78] 
--- adb starting (pid 7016) ---
adb I  7016  7016 main.cpp:78] Android Debug Bridge version 1.0.36
adb I  7016  7016 main.cpp:78] Revision af05c7354fe1-android
adb I  7016  7016 main.cpp:78] 
--- adb starting (pid 21491) ---
adb I 21491 21491 main.cpp:78] Android Debug Bridge version 1.0.36
adb I 21491 21491 main.cpp:78] Revision af05c7354fe1-android
adb I 21491 21491 main.cpp:78] 
adb server killed by remote request
--- adb starting (pid 17903) ---
adb I 17903 17903 main.cpp:78] Android Debug Bridge version 1.0.36
adb I 17903 17903 main.cpp:78] Revision af05c7354fe1-android
adb I 17903 17903 main.cpp:78] 
--- adb starting (pid 7234) ---
adb I  7234  7234 main.cpp:78] Android Debug Bridge version 1.0.36
adb I  7234  7234 main.cpp:78] Revision af05c7354fe1-android
adb I  7234  7234 main.cpp:78] 
--- adb starting (pid 3527) ---
adb I  3527  3527 main.cpp:78] Android Debug Bridge version 1.0.36
adb I  3527  3527 main.cpp:78] Revision af05c7354fe1-android
adb I  3527  3527 main.cpp:78] 
--- adb starting (pid 3694) ---
adb I  3694  3694 main.cpp:78] Android Debug Bridge version 1.0.36
adb I  3694  3694 main.cpp:78] Revision af05c7354fe1-android
adb I  3694  3694 main.cpp:78] 
